<?xml version="1.0" encoding="UTF-8"?>
<!-- Generated by org.testng.reporters.JUnitReportReporter -->
<testsuite skipped="0" hostname="LAPTOP-TE5M80UG" name="Customer.Createcustomer" tests="1" failures="0" timestamp="2020-06-10T11:31:06 IST" time="15.911" errors="0">
  <testcase name="TestCreatecustomer" time="15.911" classname="Customer.Createcustomer"/>
  <system-out/>
</testsuite> <!-- Customer.Createcustomer -->
