<?xml version="1.0" encoding="UTF-8"?>
<!-- Generated by org.testng.reporters.JUnitReportReporter -->
<testsuite skipped="0" hostname="LAPTOP-TE5M80UG" name="User.Createuser" tests="1" failures="0" timestamp="2020-06-10T11:31:06 IST" time="16.503" errors="0">
  <testcase name="TestCreateuser" time="16.503" classname="User.Createuser"/>
  <system-out/>
</testsuite> <!-- User.Createuser -->
